<?xml version="1.0" encoding="UTF-8"?>
<!-- Generated by org.testng.reporters.JUnitXMLReporter -->
<testsuite hostname="01250LT2368" name="Default test" tests="5" failures="0" timestamp="20 Jan 2016 17:13:55 GMT" time="17.437" errors="0">
  <testcase name="loging" time="4.895" classname="testCase.TestCaseforVerifySearchModule"/>
  <testcase name="clickSearchList" time="3.001" classname="testCase.TestCaseforVerifySearchModule"/>
  <testcase name="clickNameTab" time="2.358" classname="testCase.TestCaseforVerifySearchModule"/>
  <testcase name="membersSearchByName" time="4.357" classname="testCase.TestCaseforVerifySearchModule"/>
  <testcase name="openMemberProfile" time="2.814" classname="testCase.TestCaseforVerifySearchModule"/>
</testsuite> <!-- Default test -->
