<?xml version="1.0" encoding="UTF-8"?>
<!-- Generated by org.testng.reporters.JUnitXMLReporter -->
<testsuite hostname="01250LT2368" name="Default test" tests="4" failures="0" timestamp="20 Jan 2016 16:20:13 GMT" time="14.59" errors="0">
  <testcase name="loging" time="4.947" classname="testCase.TestCaseforVerifySearchModule"/>
  <testcase name="clickSearchList" time="2.886" classname="testCase.TestCaseforVerifySearchModule"/>
  <testcase name="clickNameTab" time="2.357" classname="testCase.TestCaseforVerifySearchModule"/>
  <testcase name="membersSearchByName" time="4.385" classname="testCase.TestCaseforVerifySearchModule"/>
</testsuite> <!-- Default test -->
