<?xml version="1.0" encoding="UTF-8"?>
<!-- Generated by org.testng.reporters.JUnitXMLReporter -->
<testsuite hostname="01250LT2368" name="Chrome Test" tests="5" failures="0" timestamp="22 Jan 2016 17:18:25 GMT" time="26.141" errors="0">
  <testcase name="loging" time="4.337" classname="testCase.TestCaseforVerifySearchModule"/>
  <testcase name="clickSearchList" time="0.846" classname="testCase.TestCaseforVerifySearchModule"/>
  <testcase name="clickNameTab" time="2.394" classname="testCase.TestCaseforVerifySearchModule"/>
  <testcase name="membersSearchByName" time="4.418" classname="testCase.TestCaseforVerifySearchModule"/>
  <testcase name="openMemberProfile" time="4.439" classname="testCase.TestCaseforVerifySearchModule"/>
</testsuite> <!-- Chrome Test -->
