<?xml version="1.0" encoding="UTF-8"?>
<!-- Generated by org.testng.reporters.JUnitXMLReporter -->
<testsuite hostname="01250LT2368" name="Firefox Test" tests="5" failures="0" timestamp="22 Jan 2016 17:17:28 GMT" time="26.651" errors="0">
  <testcase name="loging" time="4.708" classname="testCase.TestCaseforVerifySearchModule"/>
  <testcase name="clickSearchList" time="0.917" classname="testCase.TestCaseforVerifySearchModule"/>
  <testcase name="clickNameTab" time="2.408" classname="testCase.TestCaseforVerifySearchModule"/>
  <testcase name="membersSearchByName" time="4.317" classname="testCase.TestCaseforVerifySearchModule"/>
  <testcase name="openMemberProfile" time="2.892" classname="testCase.TestCaseforVerifySearchModule"/>
</testsuite> <!-- Firefox Test -->
