<?xml version="1.0" encoding="UTF-8"?>
<!-- Generated by org.testng.reporters.JUnitXMLReporter -->
<testsuite hostname="01250LT2368" name="Firefox Test" tests="5" failures="0" timestamp="22 Jan 2016 17:51:47 GMT" time="28.425" errors="0">
  <testcase name="loging" time="5.93" classname="testCase.TestCaseforVerifySearchModule"/>
  <testcase name="clickSearchList" time="0.962" classname="testCase.TestCaseforVerifySearchModule"/>
  <testcase name="clickNameTab" time="2.395" classname="testCase.TestCaseforVerifySearchModule"/>
  <testcase name="membersSearchByName" time="4.333" classname="testCase.TestCaseforVerifySearchModule"/>
  <testcase name="openMemberProfile" time="2.87" classname="testCase.TestCaseforVerifySearchModule"/>
</testsuite> <!-- Firefox Test -->
