<?xml version="1.0" encoding="UTF-8"?>
<!-- Generated by org.testng.reporters.JUnitXMLReporter -->
<testsuite hostname="01250LT2368" name="IE Test" tests="5" failures="0" timestamp="22 Jan 2016 17:52:17 GMT" time="29.85" errors="0">
  <testcase name="loging" time="5.361" classname="testCase.TestCaseforVerifySearchModule"/>
  <testcase name="clickSearchList" time="1.905" classname="testCase.TestCaseforVerifySearchModule"/>
  <testcase name="clickNameTab" time="3.691" classname="testCase.TestCaseforVerifySearchModule"/>
  <testcase name="membersSearchByName" time="5.048" classname="testCase.TestCaseforVerifySearchModule"/>
  <testcase name="openMemberProfile" time="5.797" classname="testCase.TestCaseforVerifySearchModule"/>
</testsuite> <!-- IE Test -->
