<?xml version="1.0" encoding="UTF-8"?>
<!-- Generated by org.testng.reporters.JUnitXMLReporter -->
<testsuite hostname="01250LT2368" name="IE Test" tests="5" failures="0" timestamp="22 Jan 2016 17:17:59 GMT" time="30.602" errors="0">
  <testcase name="loging" time="4.873" classname="testCase.TestCaseforVerifySearchModule"/>
  <testcase name="clickSearchList" time="1.966" classname="testCase.TestCaseforVerifySearchModule"/>
  <testcase name="clickNameTab" time="3.41" classname="testCase.TestCaseforVerifySearchModule"/>
  <testcase name="membersSearchByName" time="5.049" classname="testCase.TestCaseforVerifySearchModule"/>
  <testcase name="openMemberProfile" time="5.965" classname="testCase.TestCaseforVerifySearchModule"/>
</testsuite> <!-- IE Test -->
