<?xml version="1.0" encoding="UTF-8"?>
<testng-results skipped="0" failed="0" total="15" passed="15">
  <reporter-output>
  </reporter-output>
  <suite name="Suite" duration-ms="82460" started-at="2016-01-22T17:51:19Z" finished-at="2016-01-22T17:52:41Z">
    <groups>
    </groups>
    <test name="Firefox Test" duration-ms="28425" started-at="2016-01-22T17:51:19Z" finished-at="2016-01-22T17:51:47Z">
      <class name="testCase.TestCaseforVerifySearchModule">
        <test-method status="PASS" signature="startup(java.lang.String)[pri:0, instance:testCase.TestCaseforVerifySearchModule@ea639]" name="startup" is-config="true" duration-ms="11921" started-at="2016-01-22T12:51:19Z" finished-at="2016-01-22T12:51:31Z">
          <params>
            <param index="0">
              <value>
                <![CDATA[firefox]]>
              </value>
            </param>
          </params>
          <reporter-output>
          </reporter-output>
        </test-method> <!-- startup -->
        <test-method status="PASS" signature="loging()[pri:0, instance:testCase.TestCaseforVerifySearchModule@ea639]" name="loging" duration-ms="5930" started-at="2016-01-22T12:51:31Z" finished-at="2016-01-22T12:51:37Z">
          <reporter-output>
          </reporter-output>
        </test-method> <!-- loging -->
        <test-method status="PASS" signature="clickSearchList()[pri:0, instance:testCase.TestCaseforVerifySearchModule@ea639]" name="clickSearchList" duration-ms="962" started-at="2016-01-22T12:51:37Z" finished-at="2016-01-22T12:51:38Z">
          <reporter-output>
          </reporter-output>
        </test-method> <!-- clickSearchList -->
        <test-method status="PASS" signature="clickNameTab()[pri:0, instance:testCase.TestCaseforVerifySearchModule@ea639]" name="clickNameTab" duration-ms="2395" started-at="2016-01-22T12:51:38Z" finished-at="2016-01-22T12:51:40Z">
          <reporter-output>
          </reporter-output>
        </test-method> <!-- clickNameTab -->
        <test-method status="PASS" signature="membersSearchByName()[pri:0, instance:testCase.TestCaseforVerifySearchModule@ea639]" name="membersSearchByName" duration-ms="4333" started-at="2016-01-22T12:51:40Z" finished-at="2016-01-22T12:51:44Z">
          <reporter-output>
          </reporter-output>
        </test-method> <!-- membersSearchByName -->
        <test-method status="PASS" signature="openMemberProfile()[pri:0, instance:testCase.TestCaseforVerifySearchModule@ea639]" name="openMemberProfile" duration-ms="2870" started-at="2016-01-22T12:51:44Z" finished-at="2016-01-22T12:51:47Z">
          <reporter-output>
          </reporter-output>
        </test-method> <!-- openMemberProfile -->
      </class> <!-- testCase.TestCaseforVerifySearchModule -->
    </test> <!-- Firefox Test -->
    <test name="IE Test" duration-ms="29850" started-at="2016-01-22T17:51:47Z" finished-at="2016-01-22T17:52:17Z">
      <class name="testCase.TestCaseforVerifySearchModule">
        <test-method status="PASS" signature="startup(java.lang.String)[pri:0, instance:testCase.TestCaseforVerifySearchModule@12050f6]" name="startup" is-config="true" duration-ms="8046" started-at="2016-01-22T12:51:47Z" finished-at="2016-01-22T12:51:55Z">
          <params>
            <param index="0">
              <value>
                <![CDATA[IE]]>
              </value>
            </param>
          </params>
          <reporter-output>
          </reporter-output>
        </test-method> <!-- startup -->
        <test-method status="PASS" signature="loging()[pri:0, instance:testCase.TestCaseforVerifySearchModule@12050f6]" name="loging" duration-ms="5361" started-at="2016-01-22T12:51:55Z" finished-at="2016-01-22T12:52:01Z">
          <reporter-output>
          </reporter-output>
        </test-method> <!-- loging -->
        <test-method status="PASS" signature="clickSearchList()[pri:0, instance:testCase.TestCaseforVerifySearchModule@12050f6]" name="clickSearchList" duration-ms="1905" started-at="2016-01-22T12:52:01Z" finished-at="2016-01-22T12:52:02Z">
          <reporter-output>
          </reporter-output>
        </test-method> <!-- clickSearchList -->
        <test-method status="PASS" signature="clickNameTab()[pri:0, instance:testCase.TestCaseforVerifySearchModule@12050f6]" name="clickNameTab" duration-ms="3691" started-at="2016-01-22T12:52:02Z" finished-at="2016-01-22T12:52:06Z">
          <reporter-output>
          </reporter-output>
        </test-method> <!-- clickNameTab -->
        <test-method status="PASS" signature="membersSearchByName()[pri:0, instance:testCase.TestCaseforVerifySearchModule@12050f6]" name="membersSearchByName" duration-ms="5048" started-at="2016-01-22T12:52:06Z" finished-at="2016-01-22T12:52:11Z">
          <reporter-output>
          </reporter-output>
        </test-method> <!-- membersSearchByName -->
        <test-method status="PASS" signature="openMemberProfile()[pri:0, instance:testCase.TestCaseforVerifySearchModule@12050f6]" name="openMemberProfile" duration-ms="5797" started-at="2016-01-22T12:52:11Z" finished-at="2016-01-22T12:52:17Z">
          <reporter-output>
          </reporter-output>
        </test-method> <!-- openMemberProfile -->
      </class> <!-- testCase.TestCaseforVerifySearchModule -->
    </test> <!-- IE Test -->
    <test name="Chrome Test" duration-ms="24165" started-at="2016-01-22T17:52:17Z" finished-at="2016-01-22T17:52:41Z">
      <class name="testCase.TestCaseforVerifySearchModule">
        <test-method status="PASS" signature="reportIni()[pri:0, instance:testCase.TestCaseforVerifySearchModule@15f7ae5]" name="reportIni" is-config="true" duration-ms="115" started-at="2016-01-22T12:51:19Z" finished-at="2016-01-22T12:51:19Z">
          <reporter-output>
          </reporter-output>
        </test-method> <!-- reportIni -->
        <test-method status="PASS" signature="startup(java.lang.String)[pri:0, instance:testCase.TestCaseforVerifySearchModule@15f7ae5]" name="startup" is-config="true" duration-ms="8296" started-at="2016-01-22T12:52:17Z" finished-at="2016-01-22T12:52:25Z">
          <params>
            <param index="0">
              <value>
                <![CDATA[chrome]]>
              </value>
            </param>
          </params>
          <reporter-output>
          </reporter-output>
        </test-method> <!-- startup -->
        <test-method status="PASS" signature="loging()[pri:0, instance:testCase.TestCaseforVerifySearchModule@15f7ae5]" name="loging" duration-ms="4810" started-at="2016-01-22T12:52:25Z" finished-at="2016-01-22T12:52:30Z">
          <reporter-output>
          </reporter-output>
        </test-method> <!-- loging -->
        <test-method status="PASS" signature="clickSearchList()[pri:0, instance:testCase.TestCaseforVerifySearchModule@15f7ae5]" name="clickSearchList" duration-ms="853" started-at="2016-01-22T12:52:30Z" finished-at="2016-01-22T12:52:31Z">
          <reporter-output>
          </reporter-output>
        </test-method> <!-- clickSearchList -->
        <test-method status="PASS" signature="clickNameTab()[pri:0, instance:testCase.TestCaseforVerifySearchModule@15f7ae5]" name="clickNameTab" duration-ms="2429" started-at="2016-01-22T12:52:31Z" finished-at="2016-01-22T12:52:33Z">
          <reporter-output>
          </reporter-output>
        </test-method> <!-- clickNameTab -->
        <test-method status="PASS" signature="membersSearchByName()[pri:0, instance:testCase.TestCaseforVerifySearchModule@15f7ae5]" name="membersSearchByName" duration-ms="4387" started-at="2016-01-22T12:52:33Z" finished-at="2016-01-22T12:52:38Z">
          <reporter-output>
          </reporter-output>
        </test-method> <!-- membersSearchByName -->
        <test-method status="PASS" signature="openMemberProfile()[pri:0, instance:testCase.TestCaseforVerifySearchModule@15f7ae5]" name="openMemberProfile" duration-ms="3387" started-at="2016-01-22T12:52:38Z" finished-at="2016-01-22T12:52:41Z">
          <reporter-output>
          </reporter-output>
        </test-method> <!-- openMemberProfile -->
        <test-method status="PASS" signature="tearDown()[pri:0, instance:testCase.TestCaseforVerifySearchModule@15f7ae5]" name="tearDown" is-config="true" duration-ms="6626" started-at="2016-01-22T12:52:41Z" finished-at="2016-01-22T12:52:48Z">
          <reporter-output>
          </reporter-output>
        </test-method> <!-- tearDown -->
      </class> <!-- testCase.TestCaseforVerifySearchModule -->
    </test> <!-- Chrome Test -->
  </suite> <!-- Suite -->
</testng-results>
