<?xml version="1.0" encoding="UTF-8"?>
<testng-results skipped="0" failed="0" total="4" passed="4">
  <reporter-output>
  </reporter-output>
  <suite name="Default suite" duration-ms="14590" started-at="2016-01-20T16:19:58Z" finished-at="2016-01-20T16:20:13Z">
    <groups>
    </groups>
    <test name="Default test" duration-ms="14590" started-at="2016-01-20T16:19:58Z" finished-at="2016-01-20T16:20:13Z">
      <class name="testCase.TestCaseforVerifySearchModule">
        <test-method status="PASS" signature="startup()[pri:0, instance:testCase.TestCaseforVerifySearchModule@1ba5a14]" name="startup" is-config="true" duration-ms="13855" started-at="2016-01-20T11:19:44Z" finished-at="2016-01-20T11:19:58Z">
          <reporter-output>
          </reporter-output>
        </test-method> <!-- startup -->
        <test-method status="PASS" signature="loging()[pri:0, instance:testCase.TestCaseforVerifySearchModule@1ba5a14]" name="loging" duration-ms="4947" started-at="2016-01-20T11:19:58Z" finished-at="2016-01-20T11:20:03Z">
          <reporter-output>
          </reporter-output>
        </test-method> <!-- loging -->
        <test-method status="PASS" signature="clickSearchList()[pri:0, instance:testCase.TestCaseforVerifySearchModule@1ba5a14]" name="clickSearchList" duration-ms="2886" started-at="2016-01-20T11:20:03Z" finished-at="2016-01-20T11:20:06Z">
          <reporter-output>
          </reporter-output>
        </test-method> <!-- clickSearchList -->
        <test-method status="PASS" signature="clickNameTab()[pri:0, instance:testCase.TestCaseforVerifySearchModule@1ba5a14]" name="clickNameTab" duration-ms="2357" started-at="2016-01-20T11:20:06Z" finished-at="2016-01-20T11:20:08Z">
          <reporter-output>
          </reporter-output>
        </test-method> <!-- clickNameTab -->
        <test-method status="PASS" signature="membersSearchByName()[pri:0, instance:testCase.TestCaseforVerifySearchModule@1ba5a14]" name="membersSearchByName" duration-ms="4385" started-at="2016-01-20T11:20:08Z" finished-at="2016-01-20T11:20:13Z">
          <reporter-output>
          </reporter-output>
        </test-method> <!-- membersSearchByName -->
        <test-method status="PASS" signature="tearDown()[pri:0, instance:testCase.TestCaseforVerifySearchModule@1ba5a14]" name="tearDown" is-config="true" duration-ms="998" started-at="2016-01-20T11:20:13Z" finished-at="2016-01-20T11:20:14Z">
          <reporter-output>
          </reporter-output>
        </test-method> <!-- tearDown -->
      </class> <!-- testCase.TestCaseforVerifySearchModule -->
    </test> <!-- Default test -->
  </suite> <!-- Default suite -->
</testng-results>
